1	African-American Crime Documentaries
2	Scary Cult Movies from the 1980s
4	Tearjerkers from the 1970s
5	LGBTQ Psychological Movies
7	Showbiz Movies based on real life
10	Movies starring Pradeep Kumar
11	Military Dramas
15	Suspenseful British Independent Movies
16	Understated Biographical Documentaries
19	Goofy Movies starring John Candy
21	Romantic Comedies starring Doris Day
24	Eastern European Crime Dramas
25	Thrillers starring Gene Hackman
26	Mockumentaries
28	Goofy Crime Thrillers
30	Tearjerkers from the 1980s
31	Children & Family Movies directed by Arthur Rankin Jr.
32	Movies starring Jordan Chan
36	Imaginative Children & Family Movies from the 1980s
38	Movies starring Laurence Olivier
39	Suspenseful Courtroom Movies based on Books
40	Quirky Political Comedies
42	Suspenseful Action & Adventure
46	Children & Family Movies starring Muppets
49	Critically-acclaimed Emotional Dramas from the 1980s
51	Low-Impact Workouts
53	Emotional Courtroom Dramas
54	Movies directed by Basu Chatterjee
56	Dark Political Movies from the 1960s
60	Sci-Fi & Fantasy for ages 11 to 12
61	Australian Movies for ages 3 to 4
66	Suspenseful Sci-Fi & Fantasy
69	Movies starring Shammi Kapoor
73	Critically-acclaimed Gritty British Movies
76	Movies directed by Jack Sholder
78	Movies starring Debbie Reynolds
80	Courtroom Thrillers
82	Suspenseful Political Movies
83	TV Shows
85	Romantic Filipino Movies
86	Movies directed by Paul Wendkos
87	Quirky Adventures
88	Movies starring Ashok Kumar
89	Critically-acclaimed Cerebral Independent Movies
90	Movies starring Fred Ward
92	Dark Political Movies from the 1970s
93	Goofy Adventures
94	Chinese LGBTQ Movies
95	Critically-acclaimed Cerebral Crime Dramas
98	Romantic French-Language Comedies
99	Critically-acclaimed Feel-good Movies from the 1960s
102	Cerebral French-Language Dramas from the 1960s
105	Mexican Comedies
106	Movies starring Gary Busey
107	Movies starring Marlon Brando
108	Coming-of-age Animal Tales
109	Movies starring Vincent Price
111	Movies directed by Richard Rich
115	Dark Political Movies from the 1980s
116	Comedies directed by David Zucker
117	Cult Sci-Fi & Fantasy from the 1950s
118	Exciting Movies starring Steven Seagal
120	Understated Political Movies
124	Suspenseful Movies starring Roy Scheider
125	LGBTQ Historical Documentaries
127	Cerebral Biographical Dramas
128	Tearjerkers for ages 11 to 12
129	Latino Movies
130	Dramas directed by Luis Buñuel
134	Comedies starring Nicolas Cage
136	Suspenseful Psychological Movies based on real life
139	Quirky Independent Dramas from the 1980s
140	Chinese Sci-Fi & Fantasy
141	Critically-acclaimed Feel-good Movies from the 1980s
144	Dramas starring Jackie Shroff
146	Romantic Teen Coming-of-age Comedies
147	Quirky Independent Comedies
148	Movies starring Freddie Prinze Jr.
149	Movies starring Ben Stiller
151	Movies starring David Strathairn
153	Gritty Documentaries
155	Stand-up Comedy starring Cedric the Entertainer
158	Scary Italian Movies from the 1970s
159	Thrillers based on real life
160	Heartfelt Independent Dramas
161	Gory Crime Movies
163	Movies directed by Delmer Daves
166	Movies starring Emilio Estevez
168	Cult Sci-Fi & Fantasy from the 1970s
171	Thrillers starring Al Pacino
172	Movies directed by Chris Columbus
173	Movies starring Gwyneth Paltrow
177	African-American Crime Comedies
178	Gritty Japanese Crime Action & Adventure
180	Sports Documentaries
183	Movies starring Ray Corrigan
185	Scary Independent Crime Movies
186	Cult Psychological Horror Movies
191	Movies directed by Atom Egoyan
193	Cult Sci-Fi & Fantasy from the 1980s
194	Movies starring Arnold Schwarzenegger
196	Movies directed by Robert Stevenson
200	Critically-acclaimed Military Action & Adventure
201	Dramas starring Jack Lemmon
203	Critically-acclaimed Tearjerkers
204	Comedies starring Meg Ryan
208	Gritty Chinese Action & Adventure from the 1980s
211	Goofy Action & Adventure
215	Movies starring Nana Patekar
217	Movies starring James Woods
218	Classical Instrumental Music
219	Movies starring Simon Yam
220	Movies starring Matthew Modine
222	LGBTQ Action & Adventure
225	Movies starring Chuck Norris
226	Movies starring Lou Costello
228	Mysteries directed by Alfred Hitchcock
230	Understated Biographical Movies
232	Dark Independent Dramas
234	Showbiz Dramas from the 1950s
236	Movies directed by Tony Richardson
238	Quirky Independent Biographical Movies
239	Suspenseful Movies starring Denzel Washington
240	Action & Adventure starring Buster Crabbe
241	Russian Crime Movies
242	Independent Political Thrillers
243	Goofy Movies for ages 5 to 7
245	Military Westerns
247	Gritty Mysteries
251	Dramas starring Gwyneth Paltrow
252	Scary Crime Sci-Fi Thrillers
253	Exciting Sci-Fi & Fantasy
254	German-Language Dramas from the 1920s
255	Movies starring Robert Forster
258	Goofy Cult Movies
260	Imaginative Comedies
262	Belgian Movies
263	Showbiz Dramas from the 1960s
264	Visually-striking Mind-bending Dramas
265	Gritty Westerns
266	Quirky Satires from the 1970s
269	Gory Psychological Horror Movies
271	British Military Dramas
273	Dramas directed by John Sayles
274	Dramas starring Sanjeev Kumar
276	Gritty Tearjerkers
277	Movies starring Susan Sarandon
279	Gritty Latino Dramas
280	Visually-striking Irreverent Movies
281	Horror Movies directed by Jim Wynorski
284	Movies starring Tom Selleck
285	Goofy Courtroom Movies
286	British Independent Movies from the 1980s
287	Showbiz Dramas from the 1970s
288	Movies starring Jack Palance
289	Quirky Satires from the 1980s
291	Action & Adventure directed by Corey Yuen
292	Dramas starring Leslie Cheung
293	Imaginative Independent Dramas
295	Raunchy Satires
297	Detective Movies from the 1930s
300	Goofy Detective Movies
301	Movies starring James Spader
302	Critically-acclaimed Social Issue Dramas
303	Movies starring Fred MacMurray
304	Feel-good Movies for ages 8 to 10
305	Movies starring Sam Waterston
307	African-American Independent Comedies
308	French-Language Coming-of-age Dramas
310	Showbiz Dramas from the 1980s
311	Gory Psychological Movies
312	Imaginative Children & Family Movies
313	Quirky Satires
318	Movies starring Christina Ricci
319	Documentaries from the 1930s
320	Movies directed by Freddie Francis
321	Romantic Political Movies
322	Feel-good African-American Movies
323	Emotional Comedies
324	Detective Movies from the 1940s
325	Critically-acclaimed Witty Dramas
326	Movies starring Javier Bardem
327	Movies starring George Clooney
328	German-Language Dramas from the 1950s
330	Romantic Teen Dramas
331	Horror Movies starring Klaus Kinski
332	Satires starring Leslie Nielsen
337	French-Language Military Dramas
338	Movies starring Kari Wuhrer
339	Movies on IMAX
341	Sacred Classical Music
342	Documentaries from the 1940s
345	Movies directed by Jonathan Kaplan
347	Quirky Comedies directed by Woody Allen
348	Dramas directed by Andrzej Wajda
349	German-Language Dramas from the 1960s
351	Movies directed by Edward Dmytryk
352	Emotional Psychological Dramas
354	Movies starring Matthew McConaughey
355	Goofy Children & Family Movies
357	Movies starring Yu Wang
358	Understated Independent Political Movies
360	Movies starring Kathleen Turner
363	Visually-striking Biographical Dramas
364	Critically-acclaimed Witty Crime Thrillers
365	Opera & Operetta
367	Documentaries from the 1950s
368	Cerebral Independent Political Movies
369	Inspiring Coming-of-age Dramas
370	French-Language Documentaries
371	Chinese Crime Dramas
372	Westerns from the 1930s
374	Independent Showbiz Satires
375	Movies starring Yun-Fat Chow
376	Detective Movies from the 1960s
377	British Cult Movies from the 1970s
378	German-Language Dramas from the 1970s
379	Irreverent Spanish-Language Comedies
381	French-Language Sci-Fi & Fantasy
384	Independent Dramas
386	Suspenseful Movies starring Ray Liotta
388	Westerns directed by Lesley Selander
390	TV Sci-Fi & Fantasy from the 1950s
391	Movies directed by Cheh Chang
393	Documentaries from the 1960s
394	Critically-acclaimed Coming-of-age Movies
396	Psychological Mysteries based on Books
397	Steamy Italian Movies
398	Westerns from the 1940s
400	Detective Movies from the 1970s
401	Movies directed by Sam Peckinpah
403	German-Language Dramas from the 1980s
405	Mind-bending Crime Sci-Fi Thrillers
406	Dramas starring Christina Ricci
407	Japanese Crime Action & Adventure
410	Action & Adventure starring Kurt Russell
412	Movies starring Maureen O'Hara
413	Movies starring Rani Mukerji
414	TV Sci-Fi & Fantasy from the 1960s
415	Gritty Japanese Crime Movies
417	Documentaries from the 1970s
419	Westerns from the 1950s
420	Detective Movies from the 1980s
423	Political Spiritual Documentaries
424	Witty Independent Showbiz Dramas
426	Movies starring Amitabh Bachchan
428	Movies starring Liv Ullmann
430	Dark Military Dramas
432	Suspenseful Movies starring Wesley Snipes
433	Romantic Australian Movies
434	Korean Crime Thrillers
436	TV Sci-Fi & Fantasy from the 1970s
437	Comedies starring D.L. Hughley
